<?xml version="1.0" encoding="UTF-8"?>
<!-- Generated by org.testng.reporters.JUnitXMLReporter -->
<testsuite hostname="Mattiass-MacBook-Pro-3.local" name="Surefire test" tests="40" failures="0" timestamp="19 Oct 2016 11:03:19 GMT" time="0.39" errors="0">
  <testcase name="testRun on testRun(se.nackademin.examination.examination_jacoco.GameTest)" time="0.02" classname="se.nackademin.examination.examination_jacoco.GameTest"/>
  <testcase name="testCalculateOutPutBasedOnGender0 on testCalculateOutPutBasedOnGender0(se.nackademin.examination.examination_jacoco.GameTest)" time="0.001" classname="se.nackademin.examination.examination_jacoco.GameTest"/>
  <testcase name="testCalculateOutPutBasedOnGender1 on testCalculateOutPutBasedOnGender1(se.nackademin.examination.examination_jacoco.GameTest)" time="0.001" classname="se.nackademin.examination.examination_jacoco.GameTest"/>
  <testcase name="testCalculateOutPutBasedOnGender2 on testCalculateOutPutBasedOnGender2(se.nackademin.examination.examination_jacoco.GameTest)" time="0.0" classname="se.nackademin.examination.examination_jacoco.GameTest"/>
  <testcase name="testCalculateOutPutBasedOnNames0 on testCalculateOutPutBasedOnNames0(se.nackademin.examination.examination_jacoco.GameTest)" time="0.0" classname="se.nackademin.examination.examination_jacoco.GameTest"/>
  <testcase name="testCalculateOutPutBasedOnNames1 on testCalculateOutPutBasedOnNames1(se.nackademin.examination.examination_jacoco.GameTest)" time="0.0" classname="se.nackademin.examination.examination_jacoco.GameTest"/>
  <testcase name="testCalculateOutPutBasedOnNames2 on testCalculateOutPutBasedOnNames2(se.nackademin.examination.examination_jacoco.GameTest)" time="0.0" classname="se.nackademin.examination.examination_jacoco.GameTest"/>
  <testcase name="testGetGenderFromInputValues on testGetGenderFromInputValues(se.nackademin.examination.examination_jacoco.GameTest)" time="0.001" classname="se.nackademin.examination.examination_jacoco.GameTest"/>
  <testcase name="testCalculateOutPutBasedOnAge0 on testCalculateOutPutBasedOnAge0(se.nackademin.examination.examination_jacoco.GameTest)" time="0.0" classname="se.nackademin.examination.examination_jacoco.GameTest"/>
  <testcase name="testCalculateOutPutBasedOnAge1 on testCalculateOutPutBasedOnAge1(se.nackademin.examination.examination_jacoco.GameTest)" time="0.001" classname="se.nackademin.examination.examination_jacoco.GameTest"/>
  <testcase name="testCalculateOutPutBasedOnHomeCity10 on testCalculateOutPutBasedOnHomeCity10(se.nackademin.examination.examination_jacoco.GameTest)" time="0.0" classname="se.nackademin.examination.examination_jacoco.GameTest"/>
  <testcase name="testGetAgeFromInputValues on testGetAgeFromInputValues(se.nackademin.examination.examination_jacoco.GameTest)" time="0.001" classname="se.nackademin.examination.examination_jacoco.GameTest"/>
  <testcase name="testRunGame on testRunGame(se.nackademin.examination.examination_jacoco.GameTest)" time="0.002" classname="se.nackademin.examination.examination_jacoco.GameTest"/>
  <testcase name="testCalculateOutPutBasedOnHomeCity0 on testCalculateOutPutBasedOnHomeCity0(se.nackademin.examination.examination_jacoco.GameTest)" time="0.0" classname="se.nackademin.examination.examination_jacoco.GameTest"/>
  <testcase name="testCalculateOutPutBasedOnHomeCity1 on testCalculateOutPutBasedOnHomeCity1(se.nackademin.examination.examination_jacoco.GameTest)" time="0.0" classname="se.nackademin.examination.examination_jacoco.GameTest"/>
  <testcase name="testCalculateOutPutBasedOnHomeCity2 on testCalculateOutPutBasedOnHomeCity2(se.nackademin.examination.examination_jacoco.GameTest)" time="0.001" classname="se.nackademin.examination.examination_jacoco.GameTest"/>
  <testcase name="testCalculateOutPutBasedOnHomeCity3 on testCalculateOutPutBasedOnHomeCity3(se.nackademin.examination.examination_jacoco.GameTest)" time="0.0" classname="se.nackademin.examination.examination_jacoco.GameTest"/>
  <testcase name="testCalculateOutPutBasedOnHomeCity4 on testCalculateOutPutBasedOnHomeCity4(se.nackademin.examination.examination_jacoco.GameTest)" time="0.001" classname="se.nackademin.examination.examination_jacoco.GameTest"/>
  <testcase name="testCalculateOutPutBasedOnHomeCity5 on testCalculateOutPutBasedOnHomeCity5(se.nackademin.examination.examination_jacoco.GameTest)" time="0.0" classname="se.nackademin.examination.examination_jacoco.GameTest"/>
  <testcase name="testCalculateOutPutBasedOnHomeCity6 on testCalculateOutPutBasedOnHomeCity6(se.nackademin.examination.examination_jacoco.GameTest)" time="0.0" classname="se.nackademin.examination.examination_jacoco.GameTest"/>
  <testcase name="testCalculateOutPutBasedOnHomeCity7 on testCalculateOutPutBasedOnHomeCity7(se.nackademin.examination.examination_jacoco.GameTest)" time="0.0" classname="se.nackademin.examination.examination_jacoco.GameTest"/>
  <testcase name="testCalculateOutPutBasedOnHomeCity8 on testCalculateOutPutBasedOnHomeCity8(se.nackademin.examination.examination_jacoco.GameTest)" time="0.0" classname="se.nackademin.examination.examination_jacoco.GameTest"/>
  <testcase name="testCalculateOutPutBasedOnHomeCity9 on testCalculateOutPutBasedOnHomeCity9(se.nackademin.examination.examination_jacoco.GameTest)" time="0.001" classname="se.nackademin.examination.examination_jacoco.GameTest"/>
  <testcase name="testBuildFinalString on testBuildFinalString(se.nackademin.examination.examination_jacoco.GameTest)" time="0.0" classname="se.nackademin.examination.examination_jacoco.GameTest"/>
  <testcase name="testGenderGettersAndSettersMethods on testGenderGettersAndSettersMethods(se.nackademin.examination.examination_jacoco.ResultsFromInputsTest)" time="0.0" classname="se.nackademin.examination.examination_jacoco.ResultsFromInputsTest"/>
  <testcase name="testHomeGettersAndSettersMethods on testHomeGettersAndSettersMethods(se.nackademin.examination.examination_jacoco.ResultsFromInputsTest)" time="0.001" classname="se.nackademin.examination.examination_jacoco.ResultsFromInputsTest"/>
  <testcase name="testAgeGettersAndSettersMethods on testAgeGettersAndSettersMethods(se.nackademin.examination.examination_jacoco.ResultsFromInputsTest)" time="0.0" classname="se.nackademin.examination.examination_jacoco.ResultsFromInputsTest"/>
  <testcase name="testNameLenghtGettersAndSettersMethods on testNameLenghtGettersAndSettersMethods(se.nackademin.examination.examination_jacoco.ResultsFromInputsTest)" time="0.001" classname="se.nackademin.examination.examination_jacoco.ResultsFromInputsTest"/>
  <testcase name="testMainMethod on testMainMethod(se.nackademin.examination.examination_jacoco.MainTest)" time="0.001" classname="se.nackademin.examination.examination_jacoco.MainTest"/>
  <testcase name="testBuildFinalString1 on testBuildFinalString1(se.nackademin.examination.examination_jacoco.DataAnalysisTest)" time="0.001" classname="se.nackademin.examination.examination_jacoco.DataAnalysisTest"/>
  <testcase name="testBuildFinalString2 on testBuildFinalString2(se.nackademin.examination.examination_jacoco.DataAnalysisTest)" time="0.0" classname="se.nackademin.examination.examination_jacoco.DataAnalysisTest"/>
  <testcase name="testBuildFinalString3 on testBuildFinalString3(se.nackademin.examination.examination_jacoco.DataAnalysisTest)" time="0.001" classname="se.nackademin.examination.examination_jacoco.DataAnalysisTest"/>
  <testcase name="testBuildFinalString5 on testBuildFinalString5(se.nackademin.examination.examination_jacoco.DataAnalysisTest)" time="0.0" classname="se.nackademin.examination.examination_jacoco.DataAnalysisTest"/>
  <testcase name="testBuildFinalString6 on testBuildFinalString6(se.nackademin.examination.examination_jacoco.DataAnalysisTest)" time="0.0" classname="se.nackademin.examination.examination_jacoco.DataAnalysisTest"/>
  <testcase name="testBuildFinalString4a on testBuildFinalString4a(se.nackademin.examination.examination_jacoco.DataAnalysisTest)" time="0.0" classname="se.nackademin.examination.examination_jacoco.DataAnalysisTest"/>
  <testcase name="testBuildFinalString4b on testBuildFinalString4b(se.nackademin.examination.examination_jacoco.DataAnalysisTest)" time="0.001" classname="se.nackademin.examination.examination_jacoco.DataAnalysisTest"/>
  <testcase name="testConversorGetSetAge on testConversorGetSetAge(se.nackademin.examination.examination_jacoco.ConversorTest)" time="0.0" classname="se.nackademin.examination.examination_jacoco.ConversorTest"/>
  <testcase name="testConversorGetSetCity on testConversorGetSetCity(se.nackademin.examination.examination_jacoco.ConversorTest)" time="0.001" classname="se.nackademin.examination.examination_jacoco.ConversorTest"/>
  <testcase name="testConversorGetSetName on testConversorGetSetName(se.nackademin.examination.examination_jacoco.ConversorTest)" time="0.001" classname="se.nackademin.examination.examination_jacoco.ConversorTest"/>
  <testcase name="testConversorGetSetGender on testConversorGetSetGender(se.nackademin.examination.examination_jacoco.ConversorTest)" time="0.0" classname="se.nackademin.examination.examination_jacoco.ConversorTest"/>
</testsuite> <!-- Surefire test -->
