<?xml version="1.0" encoding="UTF-8"?>
<testsuite name="TestSuite" time="0.031" tests="40" errors="0" skipped="0" failures="0">
  <properties>
[...]
</properties>
  <testcase name="testRun on testRun(se.nackademin.examination.examination_jacoco.GameTest)" classname="se.nackademin.examination.examination_jacoco.GameTest" time="0.014"/>
  <testcase name="testCalculateOutPutBasedOnGender0 on testCalculateOutPutBasedOnGender0(se.nackademin.examination.examination_jacoco.GameTest)" classname="se.nackademin.examination.examination_jacoco.GameTest" time="0"/>
  <testcase name="testCalculateOutPutBasedOnGender1 on testCalculateOutPutBasedOnGender1(se.nackademin.examination.examination_jacoco.GameTest)" classname="se.nackademin.examination.examination_jacoco.GameTest" time="0"/>
  <testcase name="testCalculateOutPutBasedOnGender2 on testCalculateOutPutBasedOnGender2(se.nackademin.examination.examination_jacoco.GameTest)" classname="se.nackademin.examination.examination_jacoco.GameTest" time="0"/>
  <testcase name="testCalculateOutPutBasedOnNames0 on testCalculateOutPutBasedOnNames0(se.nackademin.examination.examination_jacoco.GameTest)" classname="se.nackademin.examination.examination_jacoco.GameTest" time="0"/>
  <testcase name="testCalculateOutPutBasedOnNames1 on testCalculateOutPutBasedOnNames1(se.nackademin.examination.examination_jacoco.GameTest)" classname="se.nackademin.examination.examination_jacoco.GameTest" time="0.001"/>
  <testcase name="testCalculateOutPutBasedOnNames2 on testCalculateOutPutBasedOnNames2(se.nackademin.examination.examination_jacoco.GameTest)" classname="se.nackademin.examination.examination_jacoco.GameTest" time="0"/>
  <testcase name="testGetGenderFromInputValues on testGetGenderFromInputValues(se.nackademin.examination.examination_jacoco.GameTest)" classname="se.nackademin.examination.examination_jacoco.GameTest" time="0"/>
  <testcase name="testCalculateOutPutBasedOnAge0 on testCalculateOutPutBasedOnAge0(se.nackademin.examination.examination_jacoco.GameTest)" classname="se.nackademin.examination.examination_jacoco.GameTest" time="0"/>
  <testcase name="testCalculateOutPutBasedOnAge1 on testCalculateOutPutBasedOnAge1(se.nackademin.examination.examination_jacoco.GameTest)" classname="se.nackademin.examination.examination_jacoco.GameTest" time="0"/>
  <testcase name="testCalculateOutPutBasedOnHomeCity10 on testCalculateOutPutBasedOnHomeCity10(se.nackademin.examination.examination_jacoco.GameTest)" classname="se.nackademin.examination.examination_jacoco.GameTest" time="0.001"/>
  <testcase name="testGetAgeFromInputValues on testGetAgeFromInputValues(se.nackademin.examination.examination_jacoco.GameTest)" classname="se.nackademin.examination.examination_jacoco.GameTest" time="0.001"/>
  <testcase name="testRunGame on testRunGame(se.nackademin.examination.examination_jacoco.GameTest)" classname="se.nackademin.examination.examination_jacoco.GameTest" time="0.001"/>
  <testcase name="testCalculateOutPutBasedOnHomeCity0 on testCalculateOutPutBasedOnHomeCity0(se.nackademin.examination.examination_jacoco.GameTest)" classname="se.nackademin.examination.examination_jacoco.GameTest" time="0.001"/>
  <testcase name="testCalculateOutPutBasedOnHomeCity1 on testCalculateOutPutBasedOnHomeCity1(se.nackademin.examination.examination_jacoco.GameTest)" classname="se.nackademin.examination.examination_jacoco.GameTest" time="0.001"/>
  <testcase name="testCalculateOutPutBasedOnHomeCity2 on testCalculateOutPutBasedOnHomeCity2(se.nackademin.examination.examination_jacoco.GameTest)" classname="se.nackademin.examination.examination_jacoco.GameTest" time="0"/>
  <testcase name="testCalculateOutPutBasedOnHomeCity3 on testCalculateOutPutBasedOnHomeCity3(se.nackademin.examination.examination_jacoco.GameTest)" classname="se.nackademin.examination.examination_jacoco.GameTest" time="0"/>
  <testcase name="testCalculateOutPutBasedOnHomeCity4 on testCalculateOutPutBasedOnHomeCity4(se.nackademin.examination.examination_jacoco.GameTest)" classname="se.nackademin.examination.examination_jacoco.GameTest" time="0"/>
  <testcase name="testCalculateOutPutBasedOnHomeCity5 on testCalculateOutPutBasedOnHomeCity5(se.nackademin.examination.examination_jacoco.GameTest)" classname="se.nackademin.examination.examination_jacoco.GameTest" time="0"/>
  <testcase name="testCalculateOutPutBasedOnHomeCity6 on testCalculateOutPutBasedOnHomeCity6(se.nackademin.examination.examination_jacoco.GameTest)" classname="se.nackademin.examination.examination_jacoco.GameTest" time="0"/>
  <testcase name="testCalculateOutPutBasedOnHomeCity7 on testCalculateOutPutBasedOnHomeCity7(se.nackademin.examination.examination_jacoco.GameTest)" classname="se.nackademin.examination.examination_jacoco.GameTest" time="0.001"/>
  <testcase name="testCalculateOutPutBasedOnHomeCity8 on testCalculateOutPutBasedOnHomeCity8(se.nackademin.examination.examination_jacoco.GameTest)" classname="se.nackademin.examination.examination_jacoco.GameTest" time="0"/>
  <testcase name="testCalculateOutPutBasedOnHomeCity9 on testCalculateOutPutBasedOnHomeCity9(se.nackademin.examination.examination_jacoco.GameTest)" classname="se.nackademin.examination.examination_jacoco.GameTest" time="0"/>
  <testcase name="testBuildFinalString on testBuildFinalString(se.nackademin.examination.examination_jacoco.GameTest)" classname="se.nackademin.examination.examination_jacoco.GameTest" time="0.001"/>
  <testcase name="testGenderGettersAndSettersMethods on testGenderGettersAndSettersMethods(se.nackademin.examination.examination_jacoco.ResultsFromInputsTest)" classname="se.nackademin.examination.examination_jacoco.ResultsFromInputsTest" time="0.001"/>
  <testcase name="testHomeGettersAndSettersMethods on testHomeGettersAndSettersMethods(se.nackademin.examination.examination_jacoco.ResultsFromInputsTest)" classname="se.nackademin.examination.examination_jacoco.ResultsFromInputsTest" time="0"/>
  <testcase name="testAgeGettersAndSettersMethods on testAgeGettersAndSettersMethods(se.nackademin.examination.examination_jacoco.ResultsFromInputsTest)" classname="se.nackademin.examination.examination_jacoco.ResultsFromInputsTest" time="0.001"/>
  <testcase name="testNameLenghtGettersAndSettersMethods on testNameLenghtGettersAndSettersMethods(se.nackademin.examination.examination_jacoco.ResultsFromInputsTest)" classname="se.nackademin.examination.examination_jacoco.ResultsFromInputsTest" time="0.001"/>
  <testcase name="testMainMethod on testMainMethod(se.nackademin.examination.examination_jacoco.MainTest)" classname="se.nackademin.examination.examination_jacoco.MainTest" time="0.002"/>
  <testcase name="testBuildFinalString1 on testBuildFinalString1(se.nackademin.examination.examination_jacoco.DataAnalysisTest)" classname="se.nackademin.examination.examination_jacoco.DataAnalysisTest" time="0.001"/>
  <testcase name="testBuildFinalString2 on testBuildFinalString2(se.nackademin.examination.examination_jacoco.DataAnalysisTest)" classname="se.nackademin.examination.examination_jacoco.DataAnalysisTest" time="0"/>
  <testcase name="testBuildFinalString3 on testBuildFinalString3(se.nackademin.examination.examination_jacoco.DataAnalysisTest)" classname="se.nackademin.examination.examination_jacoco.DataAnalysisTest" time="0.001"/>
  <testcase name="testBuildFinalString5 on testBuildFinalString5(se.nackademin.examination.examination_jacoco.DataAnalysisTest)" classname="se.nackademin.examination.examination_jacoco.DataAnalysisTest" time="0.001"/>
  <testcase name="testBuildFinalString6 on testBuildFinalString6(se.nackademin.examination.examination_jacoco.DataAnalysisTest)" classname="se.nackademin.examination.examination_jacoco.DataAnalysisTest" time="0"/>
  <testcase name="testBuildFinalString4a on testBuildFinalString4a(se.nackademin.examination.examination_jacoco.DataAnalysisTest)" classname="se.nackademin.examination.examination_jacoco.DataAnalysisTest" time="0"/>
  <testcase name="testBuildFinalString4b on testBuildFinalString4b(se.nackademin.examination.examination_jacoco.DataAnalysisTest)" classname="se.nackademin.examination.examination_jacoco.DataAnalysisTest" time="0.001"/>
  <testcase name="testConversorGetSetAge on testConversorGetSetAge(se.nackademin.examination.examination_jacoco.ConversorTest)" classname="se.nackademin.examination.examination_jacoco.ConversorTest" time="0"/>
  <testcase name="testConversorGetSetCity on testConversorGetSetCity(se.nackademin.examination.examination_jacoco.ConversorTest)" classname="se.nackademin.examination.examination_jacoco.ConversorTest" time="0"/>
  <testcase name="testConversorGetSetName on testConversorGetSetName(se.nackademin.examination.examination_jacoco.ConversorTest)" classname="se.nackademin.examination.examination_jacoco.ConversorTest" time="0"/>
  <testcase name="testConversorGetSetGender on testConversorGetSetGender(se.nackademin.examination.examination_jacoco.ConversorTest)" classname="se.nackademin.examination.examination_jacoco.ConversorTest" time="0"/>
</testsuite>